[0.042s] Invoking command in '/home/nvidia/yyq/rm65_joystick_control/rm_dh/build/rm_dh': CMAKE_PREFIX_PATH=/opt/ros/humble /usr/bin/cmake /home/nvidia/yyq/rm65_joystick_control/rm_dh -DCMAKE_INSTALL_PREFIX=/home/nvidia/yyq/rm65_joystick_control/rm_dh/install/rm_dh
[0.577s] -- The C compiler identification is GNU 11.4.0
[0.901s] -- The CXX compiler identification is GNU 11.4.0
[0.945s] -- Detecting C compiler ABI info
[1.137s] -- Detecting C compiler ABI info - done
[1.148s] -- Check for working C compiler: /usr/bin/cc - skipped
[1.152s] -- Detecting C compile features
[1.154s] -- Detecting C compile features - done
[1.169s] -- Detecting CXX compiler ABI info
[1.345s] -- Detecting CXX compiler ABI info - done
[1.354s] -- Check for working CXX compiler: /usr/bin/c++ - skipped
[1.354s] -- Detecting CXX compile features
[1.355s] -- Detecting CXX compile features - done
[1.371s] -- Found ament_cmake: 1.3.11 (/opt/ros/humble/share/ament_cmake/cmake)
[1.717s] -- Found Python3: /usr/bin/python3 (found version "3.10.12") found components: Interpreter 
[2.064s] -- Found rclcpp: 16.0.11 (/opt/ros/humble/share/rclcpp/cmake)
[2.278s] -- Found rosidl_generator_c: 3.1.6 (/opt/ros/humble/share/rosidl_generator_c/cmake)
[2.300s] -- Found rosidl_adapter: 3.1.6 (/opt/ros/humble/share/rosidl_adapter/cmake)
[2.338s] -- Found rosidl_generator_cpp: 3.1.6 (/opt/ros/humble/share/rosidl_generator_cpp/cmake)
[2.403s] -- Using all available rosidl_typesupport_c: rosidl_typesupport_fastrtps_c;rosidl_typesupport_introspection_c
[2.471s] -- Using all available rosidl_typesupport_cpp: rosidl_typesupport_fastrtps_cpp;rosidl_typesupport_introspection_cpp
[2.656s] -- Found rmw_implementation_cmake: 6.1.2 (/opt/ros/humble/share/rmw_implementation_cmake/cmake)
[2.672s] -- Found rmw_fastrtps_cpp: 6.2.7 (/opt/ros/humble/share/rmw_fastrtps_cpp/cmake)
[3.006s] -- Found OpenSSL: /usr/lib/aarch64-linux-gnu/libcrypto.so (found version "3.0.2")  
[3.081s] -- Found FastRTPS: /opt/ros/humble/include  
[3.173s] -- Using RMW implementation 'rmw_fastrtps_cpp' as default
[3.214s] -- Looking for pthread.h
[3.454s] -- Looking for pthread.h - found
[3.456s] -- Performing Test CMAKE_HAVE_LIBC_PTHREAD
[3.658s] -- Performing Test CMAKE_HAVE_LIBC_PTHREAD - Success
[3.663s] -- Found Threads: TRUE  
[3.900s] -- Found joy: 3.3.0 (/opt/ros/humble/share/joy/cmake)
[4.076s] -- Found ament_lint_auto: 0.12.11 (/opt/ros/humble/share/ament_lint_auto/cmake)
[4.324s] -- Added test 'copyright' to check source files copyright and LICENSE
[4.354s] -- Added test 'cppcheck' to perform static code analysis on C / C++ code
[4.354s] -- Configured cppcheck include dirs: /home/nvidia/yyq/rm65_joystick_control/rm_dh/include;/home/nvidia/yyq/rm65_joystick_control/rm_dh/include/rm_dh
[4.354s] -- Configured cppcheck exclude dirs and/or files: 
[4.369s] -- Added test 'cpplint' to check C / C++ code against the Google style
[4.369s] -- Configured cpplint exclude dirs and/or files: 
[4.383s] -- Added test 'lint_cmake' to check CMake code style
[4.403s] -- Added test 'uncrustify' to check C / C++ code style
[4.404s] -- Configured uncrustify additional arguments: 
[4.407s] -- Added test 'xmllint' to check XML markup files
[4.412s] -- Configuring done
[4.466s] -- Generating done
[4.475s] -- Build files have been written to: /home/nvidia/yyq/rm65_joystick_control/rm_dh/build/rm_dh
[4.506s] Invoked command in '/home/nvidia/yyq/rm65_joystick_control/rm_dh/build/rm_dh' returned '0': CMAKE_PREFIX_PATH=/opt/ros/humble /usr/bin/cmake /home/nvidia/yyq/rm65_joystick_control/rm_dh -DCMAKE_INSTALL_PREFIX=/home/nvidia/yyq/rm65_joystick_control/rm_dh/install/rm_dh
[4.509s] Invoking command in '/home/nvidia/yyq/rm65_joystick_control/rm_dh/build/rm_dh': CMAKE_PREFIX_PATH=/opt/ros/humble /usr/bin/cmake --build /home/nvidia/yyq/rm65_joystick_control/rm_dh/build/rm_dh -- -j8 -l8
[4.647s] [ 50%] [32mBuilding CXX object CMakeFiles/rm_dh.dir/src/rm_dh.cpp.o[0m
[10.195s] gmake[2]: *** [CMakeFiles/rm_dh.dir/build.make:76: CMakeFiles/rm_dh.dir/src/rm_dh.cpp.o] Interrupt
[10.195s] gmake[1]: *** [CMakeFiles/Makefile2:137: CMakeFiles/rm_dh.dir/all] Interrupt
[10.196s] gmake: *** [Makefile:146: all] Interrupt
[10.234s] Invoked command in '/home/nvidia/yyq/rm65_joystick_control/rm_dh/build/rm_dh' returned '-2': CMAKE_PREFIX_PATH=/opt/ros/humble /usr/bin/cmake --build /home/nvidia/yyq/rm65_joystick_control/rm_dh/build/rm_dh -- -j8 -l8
