[0.196s] DEBUG:colcon:Command line arguments: ['/usr/bin/colcon', 'build']
[0.196s] DEBUG:colcon:Parsed command line arguments: Namespace(log_base=None, log_level=None, verb_name='build', build_base='build', install_base='install', merge_install=False, symlink_install=False, test_result_base=None, continue_on_error=False, executor='parallel', parallel_workers=12, event_handlers=None, ignore_user_meta=False, metas=['./colcon.meta'], base_paths=['.'], packages_ignore=None, packages_ignore_regex=None, paths=None, packages_up_to=None, packages_up_to_regex=None, packages_above=None, packages_above_and_dependencies=None, packages_above_depth=None, packages_select_by_dep=None, packages_skip_by_dep=None, packages_skip_up_to=None, packages_select_build_failed=False, packages_skip_build_finished=False, packages_select_test_failures=False, packages_skip_test_passed=False, packages_select=None, packages_skip=None, packages_select_regex=None, packages_skip_regex=None, packages_start=None, packages_end=None, allow_overriding=[], cmake_args=None, cmake_target=None, cmake_target_skip_unavailable=False, cmake_clean_cache=False, cmake_clean_first=False, cmake_force_configure=False, ament_cmake_args=None, catkin_cmake_args=None, catkin_skip_building_tests=False, mixin_files=None, mixin=None, verb_parser=<colcon_mixin.mixin.mixin_argument.MixinArgumentDecorator object at 0xffffa912dcf0>, verb_extension=<colcon_core.verb.build.BuildVerb object at 0xffffa92ef640>, main=<bound method BuildVerb.main of <colcon_core.verb.build.BuildVerb object at 0xffffa92ef640>>, mixin_verb=('build',))
[0.471s] Level 1:colcon.colcon_core.package_discovery:discover_packages(colcon_meta) check parameters
[0.471s] Level 1:colcon.colcon_core.package_discovery:discover_packages(recursive) check parameters
[0.473s] Level 1:colcon.colcon_core.package_discovery:discover_packages(ignore) check parameters
[0.473s] Level 1:colcon.colcon_core.package_discovery:discover_packages(path) check parameters
[0.473s] Level 1:colcon.colcon_core.package_discovery:discover_packages(colcon_meta) discover
[0.473s] Level 1:colcon.colcon_core.package_discovery:discover_packages(recursive) discover
[0.474s] INFO:colcon.colcon_core.package_discovery:Crawling recursively for packages in '/home/nvidia/yyq/rm65_joystick_control/rm_dh'
[0.474s] Level 1:colcon.colcon_core.package_identification:_identify(.) by extensions ['ignore', 'ignore_ament_install']
[0.475s] Level 1:colcon.colcon_core.package_identification:_identify(.) by extension 'ignore'
[0.475s] Level 1:colcon.colcon_core.package_identification:_identify(.) by extension 'ignore_ament_install'
[0.475s] Level 1:colcon.colcon_core.package_identification:_identify(.) by extensions ['colcon_pkg']
[0.475s] Level 1:colcon.colcon_core.package_identification:_identify(.) by extension 'colcon_pkg'
[0.475s] Level 1:colcon.colcon_core.package_identification:_identify(.) by extensions ['colcon_meta']
[0.475s] Level 1:colcon.colcon_core.package_identification:_identify(.) by extension 'colcon_meta'
[0.475s] Level 1:colcon.colcon_core.package_identification:_identify(.) by extensions ['ros']
[0.475s] Level 1:colcon.colcon_core.package_identification:_identify(.) by extension 'ros'
[0.497s] DEBUG:colcon.colcon_core.package_identification:Package '.' with type 'ros.ament_cmake' and name 'rm_dh'
[0.497s] Level 1:colcon.colcon_core.package_discovery:discover_packages(recursive) using defaults
[0.497s] Level 1:colcon.colcon_core.package_discovery:discover_packages(ignore) discover
[0.497s] Level 1:colcon.colcon_core.package_discovery:discover_packages(ignore) using defaults
[0.497s] Level 1:colcon.colcon_core.package_discovery:discover_packages(path) discover
[0.497s] Level 1:colcon.colcon_core.package_discovery:discover_packages(path) using defaults
[0.556s] Level 1:colcon.colcon_core.package_discovery:discover_packages(prefix_path) check parameters
[0.556s] Level 1:colcon.colcon_core.package_discovery:discover_packages(prefix_path) discover
[0.561s] DEBUG:colcon.colcon_installed_package_information.package_discovery:Found 318 installed packages in /opt/ros/humble
[0.563s] Level 1:colcon.colcon_core.package_discovery:discover_packages(prefix_path) using defaults
[0.629s] Level 5:colcon.colcon_core.verb:set package 'rm_dh' build argument 'cmake_args' from command line to 'None'
[0.629s] Level 5:colcon.colcon_core.verb:set package 'rm_dh' build argument 'cmake_target' from command line to 'None'
[0.629s] Level 5:colcon.colcon_core.verb:set package 'rm_dh' build argument 'cmake_target_skip_unavailable' from command line to 'False'
[0.629s] Level 5:colcon.colcon_core.verb:set package 'rm_dh' build argument 'cmake_clean_cache' from command line to 'False'
[0.629s] Level 5:colcon.colcon_core.verb:set package 'rm_dh' build argument 'cmake_clean_first' from command line to 'False'
[0.629s] Level 5:colcon.colcon_core.verb:set package 'rm_dh' build argument 'cmake_force_configure' from command line to 'False'
[0.629s] Level 5:colcon.colcon_core.verb:set package 'rm_dh' build argument 'ament_cmake_args' from command line to 'None'
[0.630s] Level 5:colcon.colcon_core.verb:set package 'rm_dh' build argument 'catkin_cmake_args' from command line to 'None'
[0.630s] Level 5:colcon.colcon_core.verb:set package 'rm_dh' build argument 'catkin_skip_building_tests' from command line to 'False'
[0.630s] DEBUG:colcon.colcon_core.verb:Building package 'rm_dh' with the following arguments: {'ament_cmake_args': None, 'build_base': '/home/nvidia/yyq/rm65_joystick_control/rm_dh/build/rm_dh', 'catkin_cmake_args': None, 'catkin_skip_building_tests': False, 'cmake_args': None, 'cmake_clean_cache': False, 'cmake_clean_first': False, 'cmake_force_configure': False, 'cmake_target': None, 'cmake_target_skip_unavailable': False, 'install_base': '/home/nvidia/yyq/rm65_joystick_control/rm_dh/install/rm_dh', 'merge_install': False, 'path': '/home/nvidia/yyq/rm65_joystick_control/rm_dh', 'symlink_install': False, 'test_result_base': None}
[0.630s] INFO:colcon.colcon_core.executor:Executing jobs using 'parallel' executor
[0.632s] DEBUG:colcon.colcon_parallel_executor.executor.parallel:run_until_complete
[0.633s] INFO:colcon.colcon_ros.task.ament_cmake.build:Building ROS package in '/home/nvidia/yyq/rm65_joystick_control/rm_dh' with build type 'ament_cmake'
[0.633s] INFO:colcon.colcon_cmake.task.cmake.build:Building CMake package in '/home/nvidia/yyq/rm65_joystick_control/rm_dh'
[0.637s] INFO:colcon.colcon_core.plugin_system:Skipping extension 'colcon_core.shell.bat': Not used on non-Windows systems
[0.637s] INFO:colcon.colcon_core.shell:Skip shell extension 'powershell' for command environment: Not usable outside of PowerShell
[0.637s] DEBUG:colcon.colcon_core.shell:Skip shell extension 'dsv' for command environment
[0.655s] DEBUG:colcon.colcon_core.event_handler.log_command:Invoking command in '/home/nvidia/yyq/rm65_joystick_control/rm_dh/build/rm_dh': CMAKE_PREFIX_PATH=/opt/ros/humble /usr/bin/cmake --build /home/nvidia/yyq/rm65_joystick_control/rm_dh/build/rm_dh -- -j12 -l12
[17.607s] DEBUG:colcon.colcon_core.event_handler.log_command:Invoked command in '/home/nvidia/yyq/rm65_joystick_control/rm_dh/build/rm_dh' returned '0': CMAKE_PREFIX_PATH=/opt/ros/humble /usr/bin/cmake --build /home/nvidia/yyq/rm65_joystick_control/rm_dh/build/rm_dh -- -j12 -l12
[17.633s] DEBUG:colcon.colcon_core.event_handler.log_command:Invoking command in '/home/nvidia/yyq/rm65_joystick_control/rm_dh/build/rm_dh': CMAKE_PREFIX_PATH=/opt/ros/humble /usr/bin/cmake --install /home/nvidia/yyq/rm65_joystick_control/rm_dh/build/rm_dh
[17.678s] Level 1:colcon.colcon_core.environment:create_environment_scripts_only(rm_dh)
[17.680s] DEBUG:colcon.colcon_core.event_handler.log_command:Invoked command in '/home/nvidia/yyq/rm65_joystick_control/rm_dh/build/rm_dh' returned '0': CMAKE_PREFIX_PATH=/opt/ros/humble /usr/bin/cmake --install /home/nvidia/yyq/rm65_joystick_control/rm_dh/build/rm_dh
[17.684s] Level 1:colcon.colcon_core.environment:checking '/home/nvidia/yyq/rm65_joystick_control/rm_dh/install/rm_dh' for CMake module files
[17.685s] Level 1:colcon.colcon_core.environment:checking '/home/nvidia/yyq/rm65_joystick_control/rm_dh/install/rm_dh' for CMake config files
[17.685s] Level 1:colcon.colcon_core.shell:create_environment_hook('rm_dh', 'cmake_prefix_path')
[17.685s] INFO:colcon.colcon_core.shell:Creating environment hook '/home/nvidia/yyq/rm65_joystick_control/rm_dh/install/rm_dh/share/rm_dh/hook/cmake_prefix_path.ps1'
[17.687s] INFO:colcon.colcon_core.shell:Creating environment descriptor '/home/nvidia/yyq/rm65_joystick_control/rm_dh/install/rm_dh/share/rm_dh/hook/cmake_prefix_path.dsv'
[17.688s] INFO:colcon.colcon_core.shell:Creating environment hook '/home/nvidia/yyq/rm65_joystick_control/rm_dh/install/rm_dh/share/rm_dh/hook/cmake_prefix_path.sh'
[17.689s] Level 1:colcon.colcon_core.environment:checking '/home/nvidia/yyq/rm65_joystick_control/rm_dh/install/rm_dh/lib'
[17.690s] Level 1:colcon.colcon_core.environment:checking '/home/nvidia/yyq/rm65_joystick_control/rm_dh/install/rm_dh/bin'
[17.690s] Level 1:colcon.colcon_core.environment:checking '/home/nvidia/yyq/rm65_joystick_control/rm_dh/install/rm_dh/lib/pkgconfig/rm_dh.pc'
[17.690s] Level 1:colcon.colcon_core.environment:checking '/home/nvidia/yyq/rm65_joystick_control/rm_dh/install/rm_dh/lib/python3.10/site-packages'
[17.690s] Level 1:colcon.colcon_core.environment:checking '/home/nvidia/yyq/rm65_joystick_control/rm_dh/install/rm_dh/bin'
[17.691s] INFO:colcon.colcon_core.shell:Creating package script '/home/nvidia/yyq/rm65_joystick_control/rm_dh/install/rm_dh/share/rm_dh/package.ps1'
[17.692s] INFO:colcon.colcon_core.shell:Creating package descriptor '/home/nvidia/yyq/rm65_joystick_control/rm_dh/install/rm_dh/share/rm_dh/package.dsv'
[17.693s] INFO:colcon.colcon_core.shell:Creating package script '/home/nvidia/yyq/rm65_joystick_control/rm_dh/install/rm_dh/share/rm_dh/package.sh'
[17.694s] INFO:colcon.colcon_core.shell:Creating package script '/home/nvidia/yyq/rm65_joystick_control/rm_dh/install/rm_dh/share/rm_dh/package.bash'
[17.696s] INFO:colcon.colcon_core.shell:Creating package script '/home/nvidia/yyq/rm65_joystick_control/rm_dh/install/rm_dh/share/rm_dh/package.zsh'
[17.697s] Level 1:colcon.colcon_core.environment:create_file_with_runtime_dependencies(/home/nvidia/yyq/rm65_joystick_control/rm_dh/install/rm_dh/share/colcon-core/packages/rm_dh)
[17.698s] Level 1:colcon.colcon_core.environment:create_environment_scripts_only(rm_dh)
[17.698s] Level 1:colcon.colcon_core.environment:checking '/home/nvidia/yyq/rm65_joystick_control/rm_dh/install/rm_dh' for CMake module files
[17.699s] Level 1:colcon.colcon_core.environment:checking '/home/nvidia/yyq/rm65_joystick_control/rm_dh/install/rm_dh' for CMake config files
[17.699s] Level 1:colcon.colcon_core.shell:create_environment_hook('rm_dh', 'cmake_prefix_path')
[17.699s] INFO:colcon.colcon_core.shell:Creating environment hook '/home/nvidia/yyq/rm65_joystick_control/rm_dh/install/rm_dh/share/rm_dh/hook/cmake_prefix_path.ps1'
[17.700s] INFO:colcon.colcon_core.shell:Creating environment descriptor '/home/nvidia/yyq/rm65_joystick_control/rm_dh/install/rm_dh/share/rm_dh/hook/cmake_prefix_path.dsv'
[17.701s] INFO:colcon.colcon_core.shell:Creating environment hook '/home/nvidia/yyq/rm65_joystick_control/rm_dh/install/rm_dh/share/rm_dh/hook/cmake_prefix_path.sh'
[17.702s] Level 1:colcon.colcon_core.environment:checking '/home/nvidia/yyq/rm65_joystick_control/rm_dh/install/rm_dh/lib'
[17.702s] Level 1:colcon.colcon_core.environment:checking '/home/nvidia/yyq/rm65_joystick_control/rm_dh/install/rm_dh/bin'
[17.702s] Level 1:colcon.colcon_core.environment:checking '/home/nvidia/yyq/rm65_joystick_control/rm_dh/install/rm_dh/lib/pkgconfig/rm_dh.pc'
[17.702s] Level 1:colcon.colcon_core.environment:checking '/home/nvidia/yyq/rm65_joystick_control/rm_dh/install/rm_dh/lib/python3.10/site-packages'
[17.703s] Level 1:colcon.colcon_core.environment:checking '/home/nvidia/yyq/rm65_joystick_control/rm_dh/install/rm_dh/bin'
[17.703s] INFO:colcon.colcon_core.shell:Creating package script '/home/nvidia/yyq/rm65_joystick_control/rm_dh/install/rm_dh/share/rm_dh/package.ps1'
[17.705s] INFO:colcon.colcon_core.shell:Creating package descriptor '/home/nvidia/yyq/rm65_joystick_control/rm_dh/install/rm_dh/share/rm_dh/package.dsv'
[17.706s] INFO:colcon.colcon_core.shell:Creating package script '/home/nvidia/yyq/rm65_joystick_control/rm_dh/install/rm_dh/share/rm_dh/package.sh'
[17.707s] INFO:colcon.colcon_core.shell:Creating package script '/home/nvidia/yyq/rm65_joystick_control/rm_dh/install/rm_dh/share/rm_dh/package.bash'
[17.708s] INFO:colcon.colcon_core.shell:Creating package script '/home/nvidia/yyq/rm65_joystick_control/rm_dh/install/rm_dh/share/rm_dh/package.zsh'
[17.710s] Level 1:colcon.colcon_core.environment:create_file_with_runtime_dependencies(/home/nvidia/yyq/rm65_joystick_control/rm_dh/install/rm_dh/share/colcon-core/packages/rm_dh)
[17.711s] DEBUG:colcon.colcon_parallel_executor.executor.parallel:closing loop
[17.712s] DEBUG:colcon.colcon_parallel_executor.executor.parallel:loop closed
[17.712s] DEBUG:colcon.colcon_parallel_executor.executor.parallel:run_until_complete finished with '0'
[17.712s] DEBUG:colcon.colcon_core.event_reactor:joining thread
[17.726s] INFO:colcon.colcon_core.plugin_system:Skipping extension 'colcon_notification.desktop_notification.terminal_notifier': Not used on non-Darwin systems
[17.726s] INFO:colcon.colcon_core.plugin_system:Skipping extension 'colcon_notification.desktop_notification.win32': Not used on non-Windows systems
[17.726s] INFO:colcon.colcon_notification.desktop_notification:Sending desktop notification using 'notify2'
[17.769s] DEBUG:colcon.colcon_core.event_reactor:joined thread
[17.770s] INFO:colcon.colcon_core.shell:Creating prefix script '/home/nvidia/yyq/rm65_joystick_control/rm_dh/install/local_setup.ps1'
[17.772s] INFO:colcon.colcon_core.shell:Creating prefix util module '/home/nvidia/yyq/rm65_joystick_control/rm_dh/install/_local_setup_util_ps1.py'
[17.775s] INFO:colcon.colcon_core.shell:Creating prefix chain script '/home/nvidia/yyq/rm65_joystick_control/rm_dh/install/setup.ps1'
[17.777s] INFO:colcon.colcon_core.shell:Creating prefix script '/home/nvidia/yyq/rm65_joystick_control/rm_dh/install/local_setup.sh'
[17.779s] INFO:colcon.colcon_core.shell:Creating prefix util module '/home/nvidia/yyq/rm65_joystick_control/rm_dh/install/_local_setup_util_sh.py'
[17.780s] INFO:colcon.colcon_core.shell:Creating prefix chain script '/home/nvidia/yyq/rm65_joystick_control/rm_dh/install/setup.sh'
[17.782s] INFO:colcon.colcon_core.shell:Creating prefix script '/home/nvidia/yyq/rm65_joystick_control/rm_dh/install/local_setup.bash'
[17.783s] INFO:colcon.colcon_core.shell:Creating prefix chain script '/home/nvidia/yyq/rm65_joystick_control/rm_dh/install/setup.bash'
[17.784s] INFO:colcon.colcon_core.shell:Creating prefix script '/home/nvidia/yyq/rm65_joystick_control/rm_dh/install/local_setup.zsh'
[17.785s] INFO:colcon.colcon_core.shell:Creating prefix chain script '/home/nvidia/yyq/rm65_joystick_control/rm_dh/install/setup.zsh'
