[0.034s] Invoking command in '/home/nvidia/yyq/rm65_joystick_control/rm_dh/build/rm_dh': CMAKE_PREFIX_PATH=${CMAKE_PREFIX_PATH}:/opt/ros/humble /usr/bin/cmake --build /home/nvidia/yyq/rm65_joystick_control/rm_dh/build/rm_dh -- -j12 -l12
[0.274s] [ 50%] [32mBuilding CXX object CMakeFiles/rm_dh.dir/src/rm_dh.cpp.o[0m
[17.392s] [100%] [32m[1mLinking CXX executable rm_dh[0m
[18.446s] [100%] Built target rm_dh
[18.489s] Invoked command in '/home/nvidia/yyq/rm65_joystick_control/rm_dh/build/rm_dh' returned '0': CMAKE_PREFIX_PATH=${CMAKE_PREFIX_PATH}:/opt/ros/humble /usr/bin/cmake --build /home/nvidia/yyq/rm65_joystick_control/rm_dh/build/rm_dh -- -j12 -l12
[18.525s] Invoking command in '/home/nvidia/yyq/rm65_joystick_control/rm_dh/build/rm_dh': CMAKE_PREFIX_PATH=${CMAKE_PREFIX_PATH}:/opt/ros/humble /usr/bin/cmake --install /home/nvidia/yyq/rm65_joystick_control/rm_dh/build/rm_dh
[18.550s] -- Install configuration: ""
[18.551s] -- Installing: /home/nvidia/yyq/rm65_joystick_control/rm_dh/install/rm_dh/share/rm_dh/launch
[18.552s] -- Installing: /home/nvidia/yyq/rm65_joystick_control/rm_dh/install/rm_dh/lib/rm_dh/rm_dh
[18.567s] -- Set runtime path of "/home/nvidia/yyq/rm65_joystick_control/rm_dh/install/rm_dh/lib/rm_dh/rm_dh" to ""
[18.568s] -- Installing: /home/nvidia/yyq/rm65_joystick_control/rm_dh/install/rm_dh/share/ament_index/resource_index/package_run_dependencies/rm_dh
[18.569s] -- Installing: /home/nvidia/yyq/rm65_joystick_control/rm_dh/install/rm_dh/share/ament_index/resource_index/parent_prefix_path/rm_dh
[18.571s] -- Installing: /home/nvidia/yyq/rm65_joystick_control/rm_dh/install/rm_dh/share/rm_dh/environment/ament_prefix_path.sh
[18.574s] -- Installing: /home/nvidia/yyq/rm65_joystick_control/rm_dh/install/rm_dh/share/rm_dh/environment/ament_prefix_path.dsv
[18.575s] -- Installing: /home/nvidia/yyq/rm65_joystick_control/rm_dh/install/rm_dh/share/rm_dh/environment/path.sh
[18.576s] -- Installing: /home/nvidia/yyq/rm65_joystick_control/rm_dh/install/rm_dh/share/rm_dh/environment/path.dsv
[18.578s] -- Installing: /home/nvidia/yyq/rm65_joystick_control/rm_dh/install/rm_dh/share/rm_dh/local_setup.bash
[18.579s] -- Installing: /home/nvidia/yyq/rm65_joystick_control/rm_dh/install/rm_dh/share/rm_dh/local_setup.sh
[18.581s] -- Installing: /home/nvidia/yyq/rm65_joystick_control/rm_dh/install/rm_dh/share/rm_dh/local_setup.zsh
[18.583s] -- Installing: /home/nvidia/yyq/rm65_joystick_control/rm_dh/install/rm_dh/share/rm_dh/local_setup.dsv
[18.585s] -- Installing: /home/nvidia/yyq/rm65_joystick_control/rm_dh/install/rm_dh/share/rm_dh/package.dsv
[18.588s] -- Installing: /home/nvidia/yyq/rm65_joystick_control/rm_dh/install/rm_dh/share/ament_index/resource_index/packages/rm_dh
[18.588s] -- Installing: /home/nvidia/yyq/rm65_joystick_control/rm_dh/install/rm_dh/share/rm_dh/cmake/rm_dhConfig.cmake
[18.590s] -- Installing: /home/nvidia/yyq/rm65_joystick_control/rm_dh/install/rm_dh/share/rm_dh/cmake/rm_dhConfig-version.cmake
[18.591s] -- Installing: /home/nvidia/yyq/rm65_joystick_control/rm_dh/install/rm_dh/share/rm_dh/package.xml
[18.599s] Invoked command in '/home/nvidia/yyq/rm65_joystick_control/rm_dh/build/rm_dh' returned '0': CMAKE_PREFIX_PATH=${CMAKE_PREFIX_PATH}:/opt/ros/humble /usr/bin/cmake --install /home/nvidia/yyq/rm65_joystick_control/rm_dh/build/rm_dh
